App.tsx(2,96): error TS6133: 'POItem' is declared but its value is never read.
App.tsx(2,104): error TS6133: 'ReceptionEvent' is declared but its value is never read.
App.tsx(2,164): error TS6133: 'JournalEntryLine' is declared but its value is never read.
App.tsx(390,24): error TS2339: Property 'offline' does not exist on type 'StoreSettings | (StoreSettings & { offline: true; })'.
  Property 'offline' does not exist on type 'StoreSettings'.
App.tsx(480,17): error TS18046: 'result' is of type 'unknown'.
App.tsx(508,19): error TS6133: 'originalProducts' is declared but its value is never read.
App.tsx(513,17): error TS18046: 'result' is of type 'unknown'.
App.tsx(527,17): error TS18046: 'result' is of type 'unknown'.
App.tsx(548,24): error TS2339: Property 'offline' does not exist on type 'Sale | (Sale & { offline: true; })'.
  Property 'offline' does not exist on type 'Sale'.
App.tsx(615,24): error TS2339: Property 'offline' does not exist on type 'Sale | (Sale & { offline: true; })'.
  Property 'offline' does not exist on type 'Sale'.
App.tsx(633,24): error TS2339: Property 'offline' does not exist on type 'Return | (Return & { offline: true; })'.
  Property 'offline' does not exist on type 'Return'.
App.tsx(648,9): error TS6133: 'stateSetter' is declared but its value is never read.
App.tsx(654,17): error TS18046: 'result' is of type 'unknown'.
App.tsx(676,21): error TS18046: 'result' is of type 'unknown'.
App.tsx(685,21): error TS18046: 'result' is of type 'unknown'.
App.tsx(694,21): error TS18046: 'result' is of type 'unknown'.
components/accounting/SupplierInvoiceFormModal.tsx(62,20): error TS6133: 'prev' is declared but its value is never read.
components/BarcodeScannerModal.tsx(45,35): error TS6133: 'decodedResult' is declared but its value is never read.
components/CategoryList.tsx(42,40): error TS2353: Object literal may only specify known properties, and 'level' does not exist in type 'Category'.
components/CategoryList.tsx(354,76): error TS2345: Argument of type 'Category' is not assignable to parameter of type 'Category & { level: number; }'.
  Property 'level' is missing in type 'Category' but required in type '{ level: number; }'.
components/LabelPrintModal.tsx(4,20): error TS7016: Could not find a declaration file for module 'qrcode'. 'C:/Users/omen/Downloads/salepilot/salepilot-frontend/node_modules/qrcode/lib/index.js' implicitly has an 'any' type.
  Try `npm i --save-dev @types/qrcode` if it exists or add a new declaration (.d.ts) file containing `declare module 'qrcode';`
components/landing/CTAMid.tsx(2,27): error TS2307: Cannot find module 'react-intersection-observer' or its corresponding type declarations.
components/landing/FAQ.tsx(2,27): error TS2307: Cannot find module 'react-intersection-observer' or its corresponding type declarations.
components/landing/Features.tsx(2,27): error TS2307: Cannot find module 'react-intersection-observer' or its corresponding type declarations.
components/landing/FinalCTA.tsx(2,27): error TS2307: Cannot find module 'react-intersection-observer' or its corresponding type declarations.
components/landing/HowItWorks.tsx(2,27): error TS2307: Cannot find module 'react-intersection-observer' or its corresponding type declarations.
components/landing/PricingPreview.tsx(2,27): error TS2307: Cannot find module 'react-intersection-observer' or its corresponding type declarations.
components/landing/ProductPreview.tsx(2,27): error TS2307: Cannot find module 'react-intersection-observer' or its corresponding type declarations.
components/landing/SocialProof.tsx(2,27): error TS2307: Cannot find module 'react-intersection-observer' or its corresponding type declarations.
components/landing/Support.tsx(2,27): error TS2307: Cannot find module 'react-intersection-observer' or its corresponding type declarations.
components/landing/Testimonial.tsx(2,27): error TS2307: Cannot find module 'react-intersection-observer' or its corresponding type declarations.
components/landing/UseCases.tsx(2,27): error TS2307: Cannot find module 'react-intersection-observer' or its corresponding type declarations.
components/landing/ValueProposition.tsx(2,27): error TS2307: Cannot find module 'react-intersection-observer' or its corresponding type declarations.
components/landing/ValueProposition.tsx(121,10): error TS6133: 'getUseCases' is declared but its value is never read.
components/ProductFormModal.tsx(10,1): error TS6133: 'toSnakeCase' is declared but its value is never read.
components/ProductFormModal.tsx(142,11): error TS6133: 'handleFileSelect' is declared but its value is never read.
components/ProductFormModal.tsx(147,11): error TS6133: 'removeSelectedFile' is declared but its value is never read.
components/ProductFormModal.tsx(151,11): error TS6133: 'markImageForDeletion' is declared but its value is never read.
components/ProductFormModal.tsx(190,19): error TS6133: 'serverImages' is declared but its value is never read.
components/ProductFormModal.tsx(364,11): error TS6133: 'renderMobileSectionNav' is declared but its value is never read.
components/ProductList.tsx(22,3): error TS6133: 'onStockChange' is declared but its value is never read.
components/products/ProductDetailView.tsx(19,1): error TS6133: 'ShareIcon' is declared but its value is never read.
components/products/ProductDetailView.tsx(19,23): error TS2307: Cannot find module '../icons/ShareIcon' or its corresponding type declarations.
components/products/ProductDetailView.tsx(372,70): error TS2339: Property 'costPrice' does not exist on type 'ProductVariant'.
components/products/ProductDetailView.tsx(372,108): error TS2339: Property 'costPrice' does not exist on type 'ProductVariant'.
components/products/ProductDetailView.tsx(372,131): error TS2339: Property 'costPrice' does not exist on type 'ProductVariant'.
components/sales/QrScannerModal.tsx(28,31): error TS6133: 'decodedResult' is declared but its value is never read.
components/sales/QrScannerModal.tsx(31,18): error TS6133: 'errorMessage' is declared but its value is never read.
components/sales/SaleDetailModal.tsx(82,37): error TS2367: This comparison appears to be unintentional because the types '"unpaid" | "partially_paid"' and '"pending"' have no overlap.
components/sales/SaleDetailModal.tsx(99,97): error TS2339: Property 'sku' does not exist on type 'CartItem'.
components/sales/SalesList.tsx(131,51): error TS2551: Property 'itemsCount' does not exist on type 'Sale'. Did you mean 'discount'?
components/sales/SalesList.tsx(156,47): error TS2339: Property 'paymentMethod' does not exist on type 'Sale'.
components/sales/SalesList.tsx(205,61): error TS2551: Property 'itemsCount' does not exist on type 'Sale'. Did you mean 'discount'?
components/sales/SalesList.tsx(279,59): error TS2339: Property 'paymentMethod' does not exist on type 'Sale'.
components/sales/SalesList.tsx(282,67): error TS2339: Property 'paymentMethod' does not exist on type 'Sale'.
components/Sidebar.tsx(21,5): error TS6133: 'ChartBarIcon' is declared but its value is never read.
components/Sidebar.tsx(174,12): error TS6133: 'mobileMode' is declared but its value is never read.
components/Sidebar.tsx(174,24): error TS6133: 'setMobileMode' is declared but its value is never read.
components/StockAdjustmentModal.tsx(198,68): error TS6133: 'color' is declared but its value is never read.
components/users/UserFormModal.tsx(227,97): error TS6133: 'color' is declared but its value is never read.
pages/AccountingPage.tsx(52,11): error TS6133: 'totalLiabilities' is declared but its value is never read.
pages/AccountingPage.tsx(141,102): error TS2339: Property 'reference' does not exist on type 'JournalEntry'.
pages/AccountingPage.tsx(253,11): error TS6133: 'getTypeColor' is declared but its value is never read.
pages/AccountingPage.tsx(688,52): error TS2339: Property 'reference' does not exist on type 'JournalEntry'.
pages/AccountingPage.tsx(690,65): error TS2339: Property 'reference' does not exist on type 'JournalEntry'.
pages/AllSalesPage.tsx(1,47): error TS6133: 'useRef' is declared but its value is never read.
pages/AllSalesPage.tsx(9,1): error TS6133: 'ArrowDownTrayIcon' is declared but its value is never read.
pages/AllSalesPage.tsx(60,11): error TS6133: 'formatDate' is declared but its value is never read.
pages/AuditLogPage.tsx(40,12): error TS6133: 'showSortOptions' is declared but its value is never read.
pages/AuditLogPage.tsx(43,11): error TS6133: 'scrollTimeoutRef' is declared but its value is never read.
pages/AuditLogPage.tsx(43,30): error TS2554: Expected 1 arguments, but got 0.
pages/AuditLogPage.tsx(121,11): error TS6133: 'formatDateForDisplay' is declared but its value is never read.
pages/AuditLogPage.tsx(164,17): error TS2322: Type '{ title: string; showBackButton: boolean; rightContent: Element; }' is not assignable to type 'IntrinsicAttributes & HeaderProps'.
  Property 'showBackButton' does not exist on type 'IntrinsicAttributes & HeaderProps'.
pages/CategoriesPage.tsx(49,11): error TS6133: 'filteredCategories' is declared but its value is never read.
pages/PurchaseOrdersPage.tsx(1,36): error TS6133: 'useCallback' is declared but its value is never read.
pages/PurchaseOrdersPage.tsx(12,1): error TS6133: 'CalendarDaysIcon' is declared but its value is never read.
pages/PurchaseOrdersPage.tsx(18,1): error TS6133: 'FilterIcon' is declared but its value is never read.
pages/PurchaseOrdersPage.tsx(713,5): error TS6133: 'onDelete' is declared but its value is never read.
pages/PurchaseOrdersPage.tsx(793,21): error TS2322: Type '{ title: string; buttonText: string; onButtonClick: () => void; searchTerm: string; setSearchTerm: Dispatch<SetStateAction<string>>; showFilterButton: true; onFilterClick: () => void; filterCount: number; }' is not assignable to type 'IntrinsicAttributes & HeaderProps'.
  Property 'showFilterButton' does not exist on type 'IntrinsicAttributes & HeaderProps'.
pages/Register.tsx(7,11): error TS6133: 'navigate' is declared but its value is never read.
pages/Register.tsx(77,57): error TS18046: 'response' is of type 'unknown'.
pages/Register.tsx(80,47): error TS18046: 'response' is of type 'unknown'.
pages/ReportsPage.tsx(9,1): error TS6133: 'ReportBlock' is declared but its value is never read.
pages/ReportsPage.tsx(151,83): error TS2554: Expected 2 arguments, but got 3.
pages/ReportsPage.tsx(254,31): error TS18046: 'daily' is of type 'unknown'.
pages/ReportsPage.tsx(255,32): error TS18046: 'pu' is of type 'unknown'.
pages/ReportsPage.tsx(434,90): error TS2554: Expected 2 arguments, but got 3.
pages/ReportsPage.tsx(441,89): error TS2554: Expected 2 arguments, but got 3.
pages/ReportsPage.tsx(482,89): error TS2554: Expected 2 arguments, but got 3.
pages/ReportsPage.tsx(521,102): error TS2554: Expected 2 arguments, but got 3.
pages/ReportsPage.tsx(529,140): error TS2554: Expected 2 arguments, but got 3.
pages/ReportsPage.tsx(577,98): error TS2554: Expected 2 arguments, but got 3.
pages/ReportsPage.tsx(584,96): error TS2554: Expected 2 arguments, but got 3.
pages/ReportsPage.tsx(591,97): error TS2554: Expected 2 arguments, but got 3.
pages/ReportsPage.tsx(635,102): error TS2554: Expected 2 arguments, but got 3.
pages/ReportsPage.tsx(651,92): error TS2554: Expected 2 arguments, but got 3.
pages/ReportsPage.tsx(658,93): error TS2554: Expected 2 arguments, but got 3.
pages/ReportsPage.tsx(665,92): error TS2554: Expected 2 arguments, but got 3.
pages/ReportsPage.tsx(918,20): error TS2322: Type '{ children: string; jsx: true; }' is not assignable to type 'DetailedHTMLProps<StyleHTMLAttributes<HTMLStyleElement>, HTMLStyleElement>'.
  Property 'jsx' does not exist on type 'DetailedHTMLProps<StyleHTMLAttributes<HTMLStyleElement>, HTMLStyleElement>'.
pages/SalesPage.tsx(7,1): error TS6133: 'BackspaceIcon' is declared but its value is never read.
pages/SalesPage.tsx(20,1): error TS6133: 'TagIcon' is declared but its value is never read.
pages/SalesPage.tsx(21,1): error TS6133: 'UserCircleIcon' is declared but its value is never read.
pages/SalesPage.tsx(22,1): error TS6133: 'SparklesIcon' is declared but its value is never read.
pages/SalesPage.tsx(25,1): error TS6133: 'ArrowTrendingUpIcon' is declared but its value is never read.
pages/SalesPage.tsx(28,1): error TS6133: 'BanknotesIcon' is declared but its value is never read.
pages/SalesPage.tsx(64,12): error TS6133: 'showAdjustmentsPanel' is declared but its value is never read.
pages/SalesPage.tsx(64,34): error TS6133: 'setShowAdjustmentsPanel' is declared but its value is never read.
pages/SalesPage.tsx(65,12): error TS6133: 'density' is declared but its value is never read.
pages/SalesPage.tsx(71,12): error TS6133: 'cartItemBeingEdited' is declared but its value is never read.
pages/SalesPage.tsx(71,33): error TS6133: 'setCartItemBeingEdited' is declared but its value is never read.
pages/SalesPage.tsx(86,36): error TS2367: This comparison appears to be unintentional because the types 'HTMLElement' and 'Document' have no overlap.
pages/SettingsPage.tsx(3,1): error TS6133: 'Header' is declared but its value is never read.
pages/SettingsPage.tsx(11,1): error TS6133: 'CheckCircleIcon' is declared but its value is never read.
pages/SettingsPage.tsx(12,1): error TS6133: 'XCircleIcon' is declared but its value is never read.
pages/SettingsPage.tsx(61,79): error TS2769: No overload matches this call.
  The last overload gave the following error.
    Object literal may only specify known properties, and 'className' does not exist in type 'Partial<unknown> & Attributes'.
pages/SettingsPage.tsx(685,95): error TS6133: 'index' is declared but its value is never read.
pages/SettingsPage.tsx(702,103): error TS6133: 'index' is declared but its value is never read.
pages/StockTakePage.tsx(3,28): error TS6133: 'CountedItem' is declared but its value is never read.
pages/SuperAdminPage.tsx(67,9): error TS2322: Type 'RefObject<HTMLDivElement | null>' is not assignable to type 'RefObject<HTMLDivElement>'.
  Type 'HTMLDivElement | null' is not assignable to type 'HTMLDivElement'.
    Type 'null' is not assignable to type 'HTMLDivElement'.
pages/SuperAdminPage.tsx(68,9): error TS2322: Type 'RefObject<HTMLDivElement | null>' is not assignable to type 'RefObject<HTMLDivElement>'.
  Type 'HTMLDivElement | null' is not assignable to type 'HTMLDivElement'.
    Type 'null' is not assignable to type 'HTMLDivElement'.
pages/SuperAdminPage.tsx(69,9): error TS2322: Type 'RefObject<HTMLDivElement | null>' is not assignable to type 'RefObject<HTMLDivElement>'.
  Type 'HTMLDivElement | null' is not assignable to type 'HTMLDivElement'.
    Type 'null' is not assignable to type 'HTMLDivElement'.
pages/SuperAdminPage.tsx(70,9): error TS2322: Type 'RefObject<HTMLDivElement | null>' is not assignable to type 'RefObject<HTMLDivElement>'.
  Type 'HTMLDivElement | null' is not assignable to type 'HTMLDivElement'.
    Type 'null' is not assignable to type 'HTMLDivElement'.
pages/UsersPage.tsx(8,1): error TS6133: 'ArrowLeftIcon' is declared but its value is never read.
pages/UsersPage.tsx(59,11): error TS6133: 'handleBackToList' is declared but its value is never read.
services/dbService.ts(1,1): error TS6192: All imports in import declaration are unused.
services/dbService.ts(68,40): error TS6133: 'event' is declared but its value is never read.
services/dbService.ts(106,40): error TS6133: 'event' is declared but its value is never read.
